WARNING - 2024-01-26 03:05:31 --> [DEPRECATED] Creation of dynamic property App\Controllers\Satuan::$ModelSatuan is deprecated in APPPATH\Controllers\Satuan.php on line 13.
 1 SYSTEMPATH\CodeIgniter.php(913): App\Controllers\Satuan->__construct()
 2 SYSTEMPATH\CodeIgniter.php(493): CodeIgniter\CodeIgniter->createController()
 3 SYSTEMPATH\CodeIgniter.php(361): CodeIgniter\CodeIgniter->handleRequest(null, Object(Config\Cache), false)
 4 FCPATH\index.php(79): CodeIgniter\CodeIgniter->run()
INFO - 2024-01-26 03:05:31 --> Session: Class initialized using 'CodeIgniter\Session\Handlers\FileHandler' driver.
WARNING - 2024-01-26 03:05:34 --> [DEPRECATED] Creation of dynamic property App\Controllers\Satuan::$ModelSatuan is deprecated in APPPATH\Controllers\Satuan.php on line 13.
 1 SYSTEMPATH\CodeIgniter.php(913): App\Controllers\Satuan->__construct()
 2 SYSTEMPATH\CodeIgniter.php(493): CodeIgniter\CodeIgniter->createController()
 3 SYSTEMPATH\CodeIgniter.php(361): CodeIgniter\CodeIgniter->handleRequest(null, Object(Config\Cache), false)
 4 FCPATH\index.php(79): CodeIgniter\CodeIgniter->run()
INFO - 2024-01-26 03:05:34 --> Session: Class initialized using 'CodeIgniter\Session\Handlers\FileHandler' driver.
WARNING - 2024-01-26 03:05:34 --> [DEPRECATED] Creation of dynamic property App\Controllers\Satuan::$ModelSatuan is deprecated in APPPATH\Controllers\Satuan.php on line 13.
 1 SYSTEMPATH\CodeIgniter.php(913): App\Controllers\Satuan->__construct()
 2 SYSTEMPATH\CodeIgniter.php(493): CodeIgniter\CodeIgniter->createController()
 3 SYSTEMPATH\CodeIgniter.php(361): CodeIgniter\CodeIgniter->handleRequest(null, Object(Config\Cache), false)
 4 FCPATH\index.php(79): CodeIgniter\CodeIgniter->run()
INFO - 2024-01-26 03:05:34 --> Session: Class initialized using 'CodeIgniter\Session\Handlers\FileHandler' driver.
WARNING - 2024-01-26 03:05:37 --> [DEPRECATED] Creation of dynamic property App\Controllers\Produk::$ModelProduk is deprecated in APPPATH\Controllers\Produk.php on line 15.
 1 SYSTEMPATH\CodeIgniter.php(913): App\Controllers\Produk->__construct()
 2 SYSTEMPATH\CodeIgniter.php(493): CodeIgniter\CodeIgniter->createController()
 3 SYSTEMPATH\CodeIgniter.php(361): CodeIgniter\CodeIgniter->handleRequest(null, Object(Config\Cache), false)
 4 FCPATH\index.php(79): CodeIgniter\CodeIgniter->run()
WARNING - 2024-01-26 03:05:37 --> [DEPRECATED] Creation of dynamic property App\Controllers\Produk::$ModelKategori is deprecated in APPPATH\Controllers\Produk.php on line 16.
 1 SYSTEMPATH\CodeIgniter.php(913): App\Controllers\Produk->__construct()
 2 SYSTEMPATH\CodeIgniter.php(493): CodeIgniter\CodeIgniter->createController()
 3 SYSTEMPATH\CodeIgniter.php(361): CodeIgniter\CodeIgniter->handleRequest(null, Object(Config\Cache), false)
 4 FCPATH\index.php(79): CodeIgniter\CodeIgniter->run()
WARNING - 2024-01-26 03:05:37 --> [DEPRECATED] Creation of dynamic property App\Controllers\Produk::$ModelSatuan is deprecated in APPPATH\Controllers\Produk.php on line 17.
 1 SYSTEMPATH\CodeIgniter.php(913): App\Controllers\Produk->__construct()
 2 SYSTEMPATH\CodeIgniter.php(493): CodeIgniter\CodeIgniter->createController()
 3 SYSTEMPATH\CodeIgniter.php(361): CodeIgniter\CodeIgniter->handleRequest(null, Object(Config\Cache), false)
 4 FCPATH\index.php(79): CodeIgniter\CodeIgniter->run()
INFO - 2024-01-26 03:05:37 --> Session: Class initialized using 'CodeIgniter\Session\Handlers\FileHandler' driver.
WARNING - 2024-01-26 03:05:46 --> [DEPRECATED] Creation of dynamic property App\Controllers\Produk::$ModelProduk is deprecated in APPPATH\Controllers\Produk.php on line 15.
 1 SYSTEMPATH\CodeIgniter.php(913): App\Controllers\Produk->__construct()
 2 SYSTEMPATH\CodeIgniter.php(493): CodeIgniter\CodeIgniter->createController()
 3 SYSTEMPATH\CodeIgniter.php(361): CodeIgniter\CodeIgniter->handleRequest(null, Object(Config\Cache), false)
 4 FCPATH\index.php(79): CodeIgniter\CodeIgniter->run()
WARNING - 2024-01-26 03:05:46 --> [DEPRECATED] Creation of dynamic property App\Controllers\Produk::$ModelKategori is deprecated in APPPATH\Controllers\Produk.php on line 16.
 1 SYSTEMPATH\CodeIgniter.php(913): App\Controllers\Produk->__construct()
 2 SYSTEMPATH\CodeIgniter.php(493): CodeIgniter\CodeIgniter->createController()
 3 SYSTEMPATH\CodeIgniter.php(361): CodeIgniter\CodeIgniter->handleRequest(null, Object(Config\Cache), false)
 4 FCPATH\index.php(79): CodeIgniter\CodeIgniter->run()
WARNING - 2024-01-26 03:05:46 --> [DEPRECATED] Creation of dynamic property App\Controllers\Produk::$ModelSatuan is deprecated in APPPATH\Controllers\Produk.php on line 17.
 1 SYSTEMPATH\CodeIgniter.php(913): App\Controllers\Produk->__construct()
 2 SYSTEMPATH\CodeIgniter.php(493): CodeIgniter\CodeIgniter->createController()
 3 SYSTEMPATH\CodeIgniter.php(361): CodeIgniter\CodeIgniter->handleRequest(null, Object(Config\Cache), false)
 4 FCPATH\index.php(79): CodeIgniter\CodeIgniter->run()
INFO - 2024-01-26 03:05:46 --> Session: Class initialized using 'CodeIgniter\Session\Handlers\FileHandler' driver.
