WARNING - 2024-01-24 00:34:23 --> [DEPRECATED] Creation of dynamic property App\Controllers\Produk::$ModelProduk is deprecated in APPPATH\Controllers\Produk.php on line 15.
 1 SYSTEMPATH\CodeIgniter.php(913): App\Controllers\Produk->__construct()
 2 SYSTEMPATH\CodeIgniter.php(493): CodeIgniter\CodeIgniter->createController()
 3 SYSTEMPATH\CodeIgniter.php(361): CodeIgniter\CodeIgniter->handleRequest(null, Object(Config\Cache), false)
 4 FCPATH\index.php(79): CodeIgniter\CodeIgniter->run()
WARNING - 2024-01-24 00:34:23 --> [DEPRECATED] Creation of dynamic property App\Controllers\Produk::$ModelKategori is deprecated in APPPATH\Controllers\Produk.php on line 16.
 1 SYSTEMPATH\CodeIgniter.php(913): App\Controllers\Produk->__construct()
 2 SYSTEMPATH\CodeIgniter.php(493): CodeIgniter\CodeIgniter->createController()
 3 SYSTEMPATH\CodeIgniter.php(361): CodeIgniter\CodeIgniter->handleRequest(null, Object(Config\Cache), false)
 4 FCPATH\index.php(79): CodeIgniter\CodeIgniter->run()
WARNING - 2024-01-24 00:34:23 --> [DEPRECATED] Creation of dynamic property App\Controllers\Produk::$ModelSatuan is deprecated in APPPATH\Controllers\Produk.php on line 17.
 1 SYSTEMPATH\CodeIgniter.php(913): App\Controllers\Produk->__construct()
 2 SYSTEMPATH\CodeIgniter.php(493): CodeIgniter\CodeIgniter->createController()
 3 SYSTEMPATH\CodeIgniter.php(361): CodeIgniter\CodeIgniter->handleRequest(null, Object(Config\Cache), false)
 4 FCPATH\index.php(79): CodeIgniter\CodeIgniter->run()
INFO - 2024-01-24 00:34:24 --> Session: Class initialized using 'CodeIgniter\Session\Handlers\FileHandler' driver.
WARNING - 2024-01-24 00:34:26 --> [DEPRECATED] Creation of dynamic property App\Controllers\Kategori::$ModelKategori is deprecated in APPPATH\Controllers\Kategori.php on line 13.
 1 SYSTEMPATH\CodeIgniter.php(913): App\Controllers\Kategori->__construct()
 2 SYSTEMPATH\CodeIgniter.php(493): CodeIgniter\CodeIgniter->createController()
 3 SYSTEMPATH\CodeIgniter.php(361): CodeIgniter\CodeIgniter->handleRequest(null, Object(Config\Cache), false)
 4 FCPATH\index.php(79): CodeIgniter\CodeIgniter->run()
INFO - 2024-01-24 00:34:26 --> Session: Class initialized using 'CodeIgniter\Session\Handlers\FileHandler' driver.
WARNING - 2024-01-24 00:34:27 --> [DEPRECATED] Creation of dynamic property App\Controllers\User::$ModelUser is deprecated in APPPATH\Controllers\User.php on line 13.
 1 SYSTEMPATH\CodeIgniter.php(913): App\Controllers\User->__construct()
 2 SYSTEMPATH\CodeIgniter.php(493): CodeIgniter\CodeIgniter->createController()
 3 SYSTEMPATH\CodeIgniter.php(361): CodeIgniter\CodeIgniter->handleRequest(null, Object(Config\Cache), false)
 4 FCPATH\index.php(79): CodeIgniter\CodeIgniter->run()
INFO - 2024-01-24 00:34:27 --> Session: Class initialized using 'CodeIgniter\Session\Handlers\FileHandler' driver.
WARNING - 2024-01-24 00:34:32 --> [DEPRECATED] Creation of dynamic property App\Controllers\Produk::$ModelProduk is deprecated in APPPATH\Controllers\Produk.php on line 15.
 1 SYSTEMPATH\CodeIgniter.php(913): App\Controllers\Produk->__construct()
 2 SYSTEMPATH\CodeIgniter.php(493): CodeIgniter\CodeIgniter->createController()
 3 SYSTEMPATH\CodeIgniter.php(361): CodeIgniter\CodeIgniter->handleRequest(null, Object(Config\Cache), false)
 4 FCPATH\index.php(79): CodeIgniter\CodeIgniter->run()
WARNING - 2024-01-24 00:34:32 --> [DEPRECATED] Creation of dynamic property App\Controllers\Produk::$ModelKategori is deprecated in APPPATH\Controllers\Produk.php on line 16.
 1 SYSTEMPATH\CodeIgniter.php(913): App\Controllers\Produk->__construct()
 2 SYSTEMPATH\CodeIgniter.php(493): CodeIgniter\CodeIgniter->createController()
 3 SYSTEMPATH\CodeIgniter.php(361): CodeIgniter\CodeIgniter->handleRequest(null, Object(Config\Cache), false)
 4 FCPATH\index.php(79): CodeIgniter\CodeIgniter->run()
WARNING - 2024-01-24 00:34:32 --> [DEPRECATED] Creation of dynamic property App\Controllers\Produk::$ModelSatuan is deprecated in APPPATH\Controllers\Produk.php on line 17.
 1 SYSTEMPATH\CodeIgniter.php(913): App\Controllers\Produk->__construct()
 2 SYSTEMPATH\CodeIgniter.php(493): CodeIgniter\CodeIgniter->createController()
 3 SYSTEMPATH\CodeIgniter.php(361): CodeIgniter\CodeIgniter->handleRequest(null, Object(Config\Cache), false)
 4 FCPATH\index.php(79): CodeIgniter\CodeIgniter->run()
INFO - 2024-01-24 00:34:32 --> Session: Class initialized using 'CodeIgniter\Session\Handlers\FileHandler' driver.
WARNING - 2024-01-24 00:34:35 --> [DEPRECATED] Creation of dynamic property App\Controllers\Kategori::$ModelKategori is deprecated in APPPATH\Controllers\Kategori.php on line 13.
 1 SYSTEMPATH\CodeIgniter.php(913): App\Controllers\Kategori->__construct()
 2 SYSTEMPATH\CodeIgniter.php(493): CodeIgniter\CodeIgniter->createController()
 3 SYSTEMPATH\CodeIgniter.php(361): CodeIgniter\CodeIgniter->handleRequest(null, Object(Config\Cache), false)
 4 FCPATH\index.php(79): CodeIgniter\CodeIgniter->run()
INFO - 2024-01-24 00:34:35 --> Session: Class initialized using 'CodeIgniter\Session\Handlers\FileHandler' driver.
WARNING - 2024-01-24 00:34:38 --> [DEPRECATED] Creation of dynamic property App\Controllers\Produk::$ModelProduk is deprecated in APPPATH\Controllers\Produk.php on line 15.
 1 SYSTEMPATH\CodeIgniter.php(913): App\Controllers\Produk->__construct()
 2 SYSTEMPATH\CodeIgniter.php(493): CodeIgniter\CodeIgniter->createController()
 3 SYSTEMPATH\CodeIgniter.php(361): CodeIgniter\CodeIgniter->handleRequest(null, Object(Config\Cache), false)
 4 FCPATH\index.php(79): CodeIgniter\CodeIgniter->run()
WARNING - 2024-01-24 00:34:38 --> [DEPRECATED] Creation of dynamic property App\Controllers\Produk::$ModelKategori is deprecated in APPPATH\Controllers\Produk.php on line 16.
 1 SYSTEMPATH\CodeIgniter.php(913): App\Controllers\Produk->__construct()
 2 SYSTEMPATH\CodeIgniter.php(493): CodeIgniter\CodeIgniter->createController()
 3 SYSTEMPATH\CodeIgniter.php(361): CodeIgniter\CodeIgniter->handleRequest(null, Object(Config\Cache), false)
 4 FCPATH\index.php(79): CodeIgniter\CodeIgniter->run()
WARNING - 2024-01-24 00:34:38 --> [DEPRECATED] Creation of dynamic property App\Controllers\Produk::$ModelSatuan is deprecated in APPPATH\Controllers\Produk.php on line 17.
 1 SYSTEMPATH\CodeIgniter.php(913): App\Controllers\Produk->__construct()
 2 SYSTEMPATH\CodeIgniter.php(493): CodeIgniter\CodeIgniter->createController()
 3 SYSTEMPATH\CodeIgniter.php(361): CodeIgniter\CodeIgniter->handleRequest(null, Object(Config\Cache), false)
 4 FCPATH\index.php(79): CodeIgniter\CodeIgniter->run()
INFO - 2024-01-24 00:34:38 --> Session: Class initialized using 'CodeIgniter\Session\Handlers\FileHandler' driver.
WARNING - 2024-01-24 00:34:38 --> [DEPRECATED] Creation of dynamic property App\Controllers\Produk::$ModelProduk is deprecated in APPPATH\Controllers\Produk.php on line 15.
 1 SYSTEMPATH\CodeIgniter.php(913): App\Controllers\Produk->__construct()
 2 SYSTEMPATH\CodeIgniter.php(493): CodeIgniter\CodeIgniter->createController()
 3 SYSTEMPATH\CodeIgniter.php(361): CodeIgniter\CodeIgniter->handleRequest(null, Object(Config\Cache), false)
 4 FCPATH\index.php(79): CodeIgniter\CodeIgniter->run()
WARNING - 2024-01-24 00:34:38 --> [DEPRECATED] Creation of dynamic property App\Controllers\Produk::$ModelKategori is deprecated in APPPATH\Controllers\Produk.php on line 16.
 1 SYSTEMPATH\CodeIgniter.php(913): App\Controllers\Produk->__construct()
 2 SYSTEMPATH\CodeIgniter.php(493): CodeIgniter\CodeIgniter->createController()
 3 SYSTEMPATH\CodeIgniter.php(361): CodeIgniter\CodeIgniter->handleRequest(null, Object(Config\Cache), false)
 4 FCPATH\index.php(79): CodeIgniter\CodeIgniter->run()
WARNING - 2024-01-24 00:34:38 --> [DEPRECATED] Creation of dynamic property App\Controllers\Produk::$ModelSatuan is deprecated in APPPATH\Controllers\Produk.php on line 17.
 1 SYSTEMPATH\CodeIgniter.php(913): App\Controllers\Produk->__construct()
 2 SYSTEMPATH\CodeIgniter.php(493): CodeIgniter\CodeIgniter->createController()
 3 SYSTEMPATH\CodeIgniter.php(361): CodeIgniter\CodeIgniter->handleRequest(null, Object(Config\Cache), false)
 4 FCPATH\index.php(79): CodeIgniter\CodeIgniter->run()
INFO - 2024-01-24 00:34:38 --> Session: Class initialized using 'CodeIgniter\Session\Handlers\FileHandler' driver.
WARNING - 2024-01-24 01:12:08 --> [DEPRECATED] Creation of dynamic property App\Controllers\Satuan::$ModelSatuan is deprecated in APPPATH\Controllers\Satuan.php on line 13.
 1 SYSTEMPATH\CodeIgniter.php(913): App\Controllers\Satuan->__construct()
 2 SYSTEMPATH\CodeIgniter.php(493): CodeIgniter\CodeIgniter->createController()
 3 SYSTEMPATH\CodeIgniter.php(361): CodeIgniter\CodeIgniter->handleRequest(null, Object(Config\Cache), false)
 4 FCPATH\index.php(79): CodeIgniter\CodeIgniter->run()
INFO - 2024-01-24 01:12:08 --> Session: Class initialized using 'CodeIgniter\Session\Handlers\FileHandler' driver.
WARNING - 2024-01-24 01:23:23 --> [DEPRECATED] Creation of dynamic property App\Controllers\Satuan::$ModelSatuan is deprecated in APPPATH\Controllers\Satuan.php on line 13.
 1 SYSTEMPATH\CodeIgniter.php(913): App\Controllers\Satuan->__construct()
 2 SYSTEMPATH\CodeIgniter.php(493): CodeIgniter\CodeIgniter->createController()
 3 SYSTEMPATH\CodeIgniter.php(361): CodeIgniter\CodeIgniter->handleRequest(null, Object(Config\Cache), false)
 4 FCPATH\index.php(79): CodeIgniter\CodeIgniter->run()
INFO - 2024-01-24 01:23:23 --> Session: Class initialized using 'CodeIgniter\Session\Handlers\FileHandler' driver.
WARNING - 2024-01-24 01:23:31 --> [DEPRECATED] Creation of dynamic property App\Controllers\Produk::$ModelProduk is deprecated in APPPATH\Controllers\Produk.php on line 15.
 1 SYSTEMPATH\CodeIgniter.php(913): App\Controllers\Produk->__construct()
 2 SYSTEMPATH\CodeIgniter.php(493): CodeIgniter\CodeIgniter->createController()
 3 SYSTEMPATH\CodeIgniter.php(361): CodeIgniter\CodeIgniter->handleRequest(null, Object(Config\Cache), false)
 4 FCPATH\index.php(79): CodeIgniter\CodeIgniter->run()
WARNING - 2024-01-24 01:23:31 --> [DEPRECATED] Creation of dynamic property App\Controllers\Produk::$ModelKategori is deprecated in APPPATH\Controllers\Produk.php on line 16.
 1 SYSTEMPATH\CodeIgniter.php(913): App\Controllers\Produk->__construct()
 2 SYSTEMPATH\CodeIgniter.php(493): CodeIgniter\CodeIgniter->createController()
 3 SYSTEMPATH\CodeIgniter.php(361): CodeIgniter\CodeIgniter->handleRequest(null, Object(Config\Cache), false)
 4 FCPATH\index.php(79): CodeIgniter\CodeIgniter->run()
WARNING - 2024-01-24 01:23:31 --> [DEPRECATED] Creation of dynamic property App\Controllers\Produk::$ModelSatuan is deprecated in APPPATH\Controllers\Produk.php on line 17.
 1 SYSTEMPATH\CodeIgniter.php(913): App\Controllers\Produk->__construct()
 2 SYSTEMPATH\CodeIgniter.php(493): CodeIgniter\CodeIgniter->createController()
 3 SYSTEMPATH\CodeIgniter.php(361): CodeIgniter\CodeIgniter->handleRequest(null, Object(Config\Cache), false)
 4 FCPATH\index.php(79): CodeIgniter\CodeIgniter->run()
INFO - 2024-01-24 01:23:31 --> Session: Class initialized using 'CodeIgniter\Session\Handlers\FileHandler' driver.
WARNING - 2024-01-24 01:23:42 --> [DEPRECATED] Creation of dynamic property App\Controllers\Kategori::$ModelKategori is deprecated in APPPATH\Controllers\Kategori.php on line 13.
 1 SYSTEMPATH\CodeIgniter.php(913): App\Controllers\Kategori->__construct()
 2 SYSTEMPATH\CodeIgniter.php(493): CodeIgniter\CodeIgniter->createController()
 3 SYSTEMPATH\CodeIgniter.php(361): CodeIgniter\CodeIgniter->handleRequest(null, Object(Config\Cache), false)
 4 FCPATH\index.php(79): CodeIgniter\CodeIgniter->run()
INFO - 2024-01-24 01:23:42 --> Session: Class initialized using 'CodeIgniter\Session\Handlers\FileHandler' driver.
WARNING - 2024-01-24 01:23:43 --> [DEPRECATED] Creation of dynamic property App\Controllers\Produk::$ModelProduk is deprecated in APPPATH\Controllers\Produk.php on line 15.
 1 SYSTEMPATH\CodeIgniter.php(913): App\Controllers\Produk->__construct()
 2 SYSTEMPATH\CodeIgniter.php(493): CodeIgniter\CodeIgniter->createController()
 3 SYSTEMPATH\CodeIgniter.php(361): CodeIgniter\CodeIgniter->handleRequest(null, Object(Config\Cache), false)
 4 FCPATH\index.php(79): CodeIgniter\CodeIgniter->run()
WARNING - 2024-01-24 01:23:43 --> [DEPRECATED] Creation of dynamic property App\Controllers\Produk::$ModelKategori is deprecated in APPPATH\Controllers\Produk.php on line 16.
 1 SYSTEMPATH\CodeIgniter.php(913): App\Controllers\Produk->__construct()
 2 SYSTEMPATH\CodeIgniter.php(493): CodeIgniter\CodeIgniter->createController()
 3 SYSTEMPATH\CodeIgniter.php(361): CodeIgniter\CodeIgniter->handleRequest(null, Object(Config\Cache), false)
 4 FCPATH\index.php(79): CodeIgniter\CodeIgniter->run()
WARNING - 2024-01-24 01:23:43 --> [DEPRECATED] Creation of dynamic property App\Controllers\Produk::$ModelSatuan is deprecated in APPPATH\Controllers\Produk.php on line 17.
 1 SYSTEMPATH\CodeIgniter.php(913): App\Controllers\Produk->__construct()
 2 SYSTEMPATH\CodeIgniter.php(493): CodeIgniter\CodeIgniter->createController()
 3 SYSTEMPATH\CodeIgniter.php(361): CodeIgniter\CodeIgniter->handleRequest(null, Object(Config\Cache), false)
 4 FCPATH\index.php(79): CodeIgniter\CodeIgniter->run()
INFO - 2024-01-24 01:23:43 --> Session: Class initialized using 'CodeIgniter\Session\Handlers\FileHandler' driver.
WARNING - 2024-01-24 01:23:46 --> [DEPRECATED] Creation of dynamic property App\Controllers\Kategori::$ModelKategori is deprecated in APPPATH\Controllers\Kategori.php on line 13.
 1 SYSTEMPATH\CodeIgniter.php(913): App\Controllers\Kategori->__construct()
 2 SYSTEMPATH\CodeIgniter.php(493): CodeIgniter\CodeIgniter->createController()
 3 SYSTEMPATH\CodeIgniter.php(361): CodeIgniter\CodeIgniter->handleRequest(null, Object(Config\Cache), false)
 4 FCPATH\index.php(79): CodeIgniter\CodeIgniter->run()
INFO - 2024-01-24 01:23:46 --> Session: Class initialized using 'CodeIgniter\Session\Handlers\FileHandler' driver.
WARNING - 2024-01-24 01:32:22 --> [DEPRECATED] Creation of dynamic property App\Controllers\Satuan::$ModelSatuan is deprecated in APPPATH\Controllers\Satuan.php on line 13.
 1 SYSTEMPATH\CodeIgniter.php(913): App\Controllers\Satuan->__construct()
 2 SYSTEMPATH\CodeIgniter.php(493): CodeIgniter\CodeIgniter->createController()
 3 SYSTEMPATH\CodeIgniter.php(361): CodeIgniter\CodeIgniter->handleRequest(null, Object(Config\Cache), false)
 4 FCPATH\index.php(79): CodeIgniter\CodeIgniter->run()
INFO - 2024-01-24 01:32:22 --> Session: Class initialized using 'CodeIgniter\Session\Handlers\FileHandler' driver.
WARNING - 2024-01-24 01:32:55 --> [DEPRECATED] Creation of dynamic property App\Controllers\Kategori::$ModelKategori is deprecated in APPPATH\Controllers\Kategori.php on line 13.
 1 SYSTEMPATH\CodeIgniter.php(913): App\Controllers\Kategori->__construct()
 2 SYSTEMPATH\CodeIgniter.php(493): CodeIgniter\CodeIgniter->createController()
 3 SYSTEMPATH\CodeIgniter.php(361): CodeIgniter\CodeIgniter->handleRequest(null, Object(Config\Cache), false)
 4 FCPATH\index.php(79): CodeIgniter\CodeIgniter->run()
INFO - 2024-01-24 01:32:55 --> Session: Class initialized using 'CodeIgniter\Session\Handlers\FileHandler' driver.
